<?xml version="1.0" encoding="UTF-8"?>
<beans xmlns="http://www.springframework.org/schema/beans"
       xmlns:xsi="http://www.w3.org/2001/XMLSchema-instance"
       xmlns:p="http://www.springframework.org/schema/p"
       xmlns:util="http://www.springframework.org/schema/util"
       xsi:schemaLocation="http://www.springframework.org/schema/beans
       http://www.springframework.org/schema/beans/spring-beans-3.2.xsd
       http://www.springframework.org/schema/util
       http://www.springframework.org/schema/util/spring-util.xsd">

    <bean id="dataSource" class="org.springframework.jdbc.datasource.DriverManagerDataSource"
          p:driverClassName="org.hsqldb.jdbcDriver"
          p:url="jdbc:hsqldb:file:bets"
          p:username="sa"
          p:password=""/>

    <bean id="sessionFactory" class="org.springframework.orm.hibernate4.LocalSessionFactoryBean"
          p:dataSource-ref="dataSource"
          p:packagesToScan="eu.grigoriev.persistence"
          p:hibernateProperties-ref="hibernateProperties">
    </bean>

    <util:properties id="hibernateProperties">
        <prop key="hibernate.connection.useUnicode">true</prop>
        <prop key="hibernate.connection.characterEncoding">UTF-8</prop>
        <prop key="hibernate.connection.charSet">UTF-8</prop>
        <prop key="hibernate.dialect">org.hibernate.dialect.HSQLDialect</prop>
        <prop key="hibernate.show_sql">false</prop>
        <prop key="hibernate.hbm2ddl.auto">create-drop</prop>
        <prop key="current_session_context_class">thread</prop>
    </util:properties>

    <bean id="transactionManager" class="org.springframework.orm.hibernate4.HibernateTransactionManager">
        <property name="sessionFactory" ref="sessionFactory"/>
    </bean>
</beans>